\BOOKMARK [1][-]{section.1}{\376\377\000G\000r\000u\000n\000d\000l\000a\000g\000e\000n}{}% 1
\BOOKMARK [2][-]{subsection.1.1}{\376\377\000N\000o\000t\000a\000t\000i\000o\000n\000e\000n\000\040\000u\000n\000d\000\040\000b\000e\000g\000r\000i\000f\000f\000e}{section.1}% 2
\BOOKMARK [2][-]{subsection.1.2}{\376\377\000A\000l\000p\000h\000a\000b\000e\000t\000,\000\040\000W\000\366\000r\000t\000e\000r\000\040\000u\000n\000d\000\040\000S\000p\000r\000a\000c\000h\000e\000n}{section.1}% 3
\BOOKMARK [3][-]{subsubsection.1.2.1}{\376\377\000D\000e\000f\000i\000n\000i\000t\000i\000o\000n\000\040\000\050\000A\000l\000p\000h\000a\000b\000e\000t\000\051}{subsection.1.2}% 4
\BOOKMARK [3][-]{subsubsection.1.2.2}{\376\377\000D\000e\000f\000i\000n\000i\000t\000i\000o\000n\000\040\000\050\000W\000\366\000r\000t\000e\000r\000\051}{subsection.1.2}% 5
\BOOKMARK [3][-]{subsubsection.1.2.3}{\376\377\000D\000e\000f\000i\000n\000i\000t\000i\000o\000n\000\040\000\050\000B\000i\000n\000\344\000r\000a\000p\000h\000a\000b\000e\000t\000,\000\040\000B\000i\000n\000\344\000r\000w\000\366\000r\000t\000e\000r\000\051}{subsection.1.2}% 6
\BOOKMARK [3][-]{subsubsection.1.2.4}{\376\377\000S\000p\000r\000a\000c\000h\000e}{subsection.1.2}% 7
\BOOKMARK [3][-]{subsubsection.1.2.5}{\376\377\000D\000e\000f\000i\000n\000i\000t\000i\000o\000n}{subsection.1.2}% 8
\BOOKMARK [3][-]{subsubsection.1.2.6}{\376\377\000D\000e\000f\000i\000n\000i\000t\000i\000o\000n\000\040\000\050\000V\000e\000r\000k\000e\000t\000t\000u\000n\000g\000\051}{subsection.1.2}% 9
\BOOKMARK [3][-]{subsubsection.1.2.7}{\376\377\000D\000e\000f\000i\000n\000i\000t\000i\000o\000n\000\040\000\050\000P\000r\000\344\000f\000i\000x\000,\000\040\000I\000n\000f\000i\000x\000,\000\040\000S\000u\000f\000f\000i\000x\000\051}{subsection.1.2}% 10
\BOOKMARK [3][-]{subsubsection.1.2.8}{\376\377\000D\000e\000f\000i\000n\000i\000t\000i\000o\000n\000\040\000\050\000p\000r\000\344\000f\000i\000x\000f\000r\000e\000i\000\051}{subsection.1.2}% 11
\BOOKMARK [3][-]{subsubsection.1.2.9}{\376\377\000D\000e\000f\000i\000n\000i\000t\000i\000o\000n\000\040\000\050\000H\000o\000m\000o\000m\000o\000r\000p\000h\000i\000s\000m\000u\000s\000\051}{subsection.1.2}% 12
\BOOKMARK [3][-]{subsubsection.1.2.10}{\376\377\000D\000e\000f\000i\000n\000i\000t\000i\000o\000n\000\040\000\050\000L\000\344\000n\000g\000e\000n\000l\000e\000x\000i\000k\000o\000g\000r\000a\000p\000h\000i\000s\000c\000h\000e\000\040\000O\000r\000d\000n\000u\000n\000g\000\051}{subsection.1.2}% 13
\BOOKMARK [3][-]{subsubsection.1.2.11}{\376\377\000B\000e\000m\000e\000r\000k\000u\000n\000g}{subsection.1.2}% 14
\BOOKMARK [3][-]{subsubsection.1.2.12}{\376\377\000D\000e\000f\000i\000n\000i\000t\000i\000o\000n}{subsection.1.2}% 15
\BOOKMARK [3][-]{subsubsection.1.2.13}{\376\377\000B\000e\000m\000e\000r\000k\000u\000n\000g}{subsection.1.2}% 16
\BOOKMARK [2][-]{subsection.1.3}{\376\377\000D\000e\000f\000i\000n\000i\000t\000i\000o\000n\000\040\000\050\000T\000u\000r\000i\000n\000g\000m\000a\000c\000h\000i\000n\000e\000,\000\040\000A\000l\000a\000n\000\040\000T\000u\000i\000n\000g\000,\000\040\0001\0009\0003\0006\000\051}{section.1}% 17
\BOOKMARK [2][-]{subsection.1.4}{\376\377\000D\000e\000f\000i\000n\000i\000t\000i\000o\000n\000\040\000\050\000K\000o\000n\000f\000i\000g\000u\000r\000a\000t\000i\000o\000n\000\051}{section.1}% 18
\BOOKMARK [2][-]{subsection.1.5}{\376\377\000D\000e\000f\000i\000n\000i\000t\000i\000o\000n\000\040\000\050\000N\000a\000c\000h\000f\000o\000l\000g\000e\000k\000o\000n\000f\000i\000g\000u\000r\000a\000t\000i\000o\000n\000\051}{section.1}% 19
\BOOKMARK [2][-]{subsection.1.6}{\376\377\000D\000e\000f\000i\000n\000i\000t\000i\000o\000n\000\040\000\050\000R\000e\000c\000h\000n\000u\000n\000g\000\051}{section.1}% 20
\BOOKMARK [2][-]{subsection.1.7}{\376\377\000B\000e\000m\000e\000r\000k\000u\000n\000g}{section.1}% 21
\BOOKMARK [2][-]{subsection.1.8}{\376\377\000D\000e\000f\000i\000n\000i\000t\000i\000o\000n\000\040\000\050\000t\000o\000t\000a\000l\000\051}{section.1}% 22
\BOOKMARK [2][-]{subsection.1.9}{\376\377\000D\000e\000f\000i\000n\000i\000t\000i\000o\000n\000\040\000\050\000a\000k\000z\000e\000p\000t\000i\000e\000r\000t\000e\000\040\000S\000p\000r\000a\000c\000h\000e\000\051}{section.1}% 23
\BOOKMARK [2][-]{subsection.1.10}{\376\377\000D\000e\000f\000i\000n\000i\000t\000i\000o\000n\000\050\000e\000n\000t\000s\000c\000h\000e\000i\000d\000b\000a\000r\000\051}{section.1}% 24
\BOOKMARK [2][-]{subsection.1.11}{\376\377\000D\000e\000f\000i\000n\000i\000t\000i\000o\000n\000\050\000r\000e\000k\000u\000r\000s\000i\000v\000\040\000a\000u\000f\000z\000\344\000h\000l\000b\000a\000r\000\051}{section.1}% 25
\BOOKMARK [2][-]{subsection.1.12}{\376\377\000B\000e\000m\000e\000r\000k\000u\000n\000g}{section.1}% 26
\BOOKMARK [2][-]{subsection.1.13}{\376\377\000B\000e\000m\000e\000r\000k\000u\000n\000g}{section.1}% 27
\BOOKMARK [2][-]{subsection.1.14}{\376\377\000B\000e\000m\000e\000r\000k\000u\000n\000g}{section.1}% 28
\BOOKMARK [2][-]{subsection.1.15}{\376\377\000D\000e\000f\000i\000n\000i\000t\000i\000o\000n\000\040\000\050\000A\000u\000s\000g\000a\000b\000e\000\051}{section.1}% 29
\BOOKMARK [2][-]{subsection.1.16}{\376\377\000D\000e\000f\000i\000n\000i\000t\000i\000o\000n\000\040\000\050\000b\000e\000r\000e\000c\000h\000n\000e\000t\000e\000\040\000F\000u\000n\000k\000t\000i\000o\000n\000\051}{section.1}% 30
\BOOKMARK [2][-]{subsection.1.17}{\376\377\000D\000e\000f\000i\000n\000i\000t\000i\000o\000n\000\040\000\050\000p\000a\000r\000t\000i\000e\000l\000l\000\040\000b\000e\000r\000e\000c\000h\000e\000n\000b\000a\000r\000\051}{section.1}% 31
\BOOKMARK [2][-]{subsection.1.18}{\376\377\000D\000e\000f\000i\000n\000i\000t\000i\000o\000n\000\040\000\050\000c\000h\000a\000r\000a\000c\000k\000t\000e\000r\000i\000s\000t\000i\000s\000c\000h\000e\000\040\000F\000u\000n\000k\000t\000i\000o\000n\000,\000\040\000p\000a\000r\000t\000i\000e\000l\000l\000e\000\040\000c\000h\000a\000r\000a\000c\000h\000t\000e\000r\000i\000s\000t\000i\000s\000c\000h\000e\000\040\000F\000u\000n\000k\000t\000i\000o\000n\000\051}{section.1}% 32
\BOOKMARK [2][-]{subsection.1.19}{\376\377\000B\000e\000m\000e\000r\000k\000u\000n\000g}{section.1}% 33
\BOOKMARK [2][-]{subsection.1.20}{\376\377\000B\000e\000m\000e\000r\000k\000u\000n\000g\000\040\000\050\000n\000o\000r\000m\000i\000e\000r\000t\000\051}{section.1}% 34
\BOOKMARK [2][-]{subsection.1.21}{\376\377\000B\000e\000m\000e\000r\000k\000u\000n\000g}{section.1}% 35
\BOOKMARK [2][-]{subsection.1.22}{\376\377\000C\000h\000u\000r\000c\000h\000-\000\040\000T\000u\000r\000i\000n\000g\000-\000\040\000T\000h\000e\000s\000e}{section.1}% 36
\BOOKMARK [2][-]{subsection.1.23}{\376\377\000D\000e\000f\000i\000n\000i\000t\000i\000o\000n\000\040\000\050\000C\000o\000d\000e\000\051}{section.1}% 37
\BOOKMARK [2][-]{subsection.1.24}{\376\377\000D\000e\000f\000i\000n\000i\000t\000i\000o\000n\000\040\000\050\000s\000t\000a\000n\000d\000a\000r\000d\000a\000u\000f\000z\000\344\000h\000l\000u\000n\000g\000\051}{section.1}% 38
\BOOKMARK [2][-]{subsection.1.25}{\376\377\000B\000e\000m\000e\000r\000k\000u\000n\000g}{section.1}% 39
\BOOKMARK [2][-]{subsection.1.26}{\376\377\000D\000e\000f\000i\000n\000i\000t\000i\000o\000n\000\040\000\050\000U\000\051}{section.1}% 40
\BOOKMARK [2][-]{subsection.1.27}{\376\377\000D\000e\000f\000i\000n\000i\000t\000i\000o\000n\000\040\000\050\000U\000n\000i\000v\000e\000r\000s\000e\000l\000l\000\051}{section.1}% 41
\BOOKMARK [2][-]{subsection.1.28}{\376\377\000B\000e\000m\000e\000r\000k\000u\000n\000g}{section.1}% 42
\BOOKMARK [2][-]{subsection.1.29}{\376\377\000S\000a\000t\000z\000\040\000\050\000s\000n\000m\000\040\000-\000\040\000T\000h\000e\000o\000r\000e\000m\000\051}{section.1}% 43
\BOOKMARK [2][-]{subsection.1.30}{\376\377\000D\000e\000f\000i\000n\000i\000t\000i\000o\000n\000\040\000\050\000d\000i\000a\000g\000o\000n\000a\000l\000e\000s\000\040\000H\000a\000l\000t\000e\000p\000r\000o\000b\000l\000e\000m\000\051}{section.1}% 44
\BOOKMARK [2][-]{subsection.1.31}{\376\377\000P\000r\000o\000p\000o\000s\000i\000t\000i\000o\000n}{section.1}% 45
\BOOKMARK [2][-]{subsection.1.32}{\376\377\000S\000a\000t\000z}{section.1}% 46
\BOOKMARK [2][-]{subsection.1.33}{\376\377\000m\000-\000R\000e\000d\000u\000k\000t\000i\000o\000n}{section.1}% 47
\BOOKMARK [2][-]{subsection.1.34}{\376\377\000B\000e\000m\000e\000r\000k\000u\000n\000g}{section.1}% 48
\BOOKMARK [2][-]{subsection.1.35}{\376\377\000S\000a\000t\000z}{section.1}% 49
\BOOKMARK [2][-]{subsection.1.36}{\376\377\000D\000e\000f\000i\000n\000i\000t\000i\000o\000n\000\040\000\050\000P\000o\000s\000t\000s\000c\000h\000e\000s\000\040\000K\000o\000r\000r\000e\000s\000p\000o\000n\000d\000e\000n\000z\000p\000r\000o\000b\000l\000e\000m\000,\000\040\000E\000m\000i\000l\000\040\000P\000o\000r\000t\000,\000\040\0001\0009\0004\0006\000\051}{section.1}% 50
\BOOKMARK [2][-]{subsection.1.37}{\376\377\000L\000e\000m\000m\000a}{section.1}% 51
\BOOKMARK [2][-]{subsection.1.38}{\376\377\000L\000e\000m\000m\000a}{section.1}% 52
\BOOKMARK [2][-]{subsection.1.39}{\376\377\000L\000e\000m\000m\000a}{section.1}% 53
\BOOKMARK [2][-]{subsection.1.40}{\376\377\000B\000e\000i\000s\000p\000i\000e\000l}{section.1}% 54
\BOOKMARK [2][-]{subsection.1.41}{\376\377\000S\000a\000t\000z}{section.1}% 55
\BOOKMARK [2][-]{subsection.1.42}{\376\377\000F\000i\000x\000p\000u\000n\000k\000t\000s\000a\000t\000z\000,\000\040\000R\000e\000k\000u\000s\000i\000o\000n\000s\000t\000h\000e\000o\000r\000e\000m\000\040\000u\000n\000d\000\040\000S\000a\000t\000z\000\040\000v\000o\000n\000\040\000R\000i\000c\000e}{section.1}% 56
\BOOKMARK [3][-]{subsubsection.1.42.1}{\376\377\000D\000e\000f\000i\000n\000i\000t\000i\000o\000n\000\040\000\050\000F\000i\000x\000p\000u\000n\000k\000t\000s\000a\000t\000z\000\051}{subsection.1.42}% 57
\BOOKMARK [3][-]{subsubsection.1.42.2}{\376\377\000S\000a\000t\000z\000\040\000\050\000F\000i\000x\000p\000u\000n\000k\000t\000s\000a\000t\000z\000,\000\040\000H\000a\000r\000t\000l\000e\000y\000\040\000R\000o\000g\000e\000r\000s\000\040\000j\000r\000.\000,\000\040\0001\0009\0006\0007\000\051}{subsection.1.42}% 58
\BOOKMARK [3][-]{subsubsection.1.42.3}{\376\377\000S\000a\000t\000z\000\040\000\050\000R\000e\000k\000u\000r\000s\000i\000o\000n\000s\000t\000h\000e\000o\000r\000e\000m\000,\000\040\000S\000t\000e\000p\000h\000e\000n\000\040\000C\000o\000l\000e\000\040\000K\000l\000e\000e\000n\000,\000\040\0001\0009\0003\0008\000\051}{subsection.1.42}% 59
\BOOKMARK [3][-]{subsubsection.1.42.4}{\376\377\000K\000o\000r\000o\000l\000l\000a\000r}{subsection.1.42}% 60
\BOOKMARK [3][-]{subsubsection.1.42.5}{\376\377\000D\000e\000f\000i\000n\000i\000t\000i\000o\000n\000\040\000\050\000I\000n\000d\000e\000x\000m\000e\000n\000g\000e\000\051}{subsection.1.42}% 61
\BOOKMARK [3][-]{subsubsection.1.42.6}{\376\377\000S\000a\000t\000z\000\040\000\050\000S\000a\000t\000z\000\040\000v\000o\000n\000\040\000R\000i\000c\000e\000,\000\040\000H\000e\000n\000r\000y\000\040\000H\000o\000r\000d\000e\000n\000\040\000R\000i\000c\000e\000,\000\040\0001\0009\0005\0001\000\051}{subsection.1.42}% 62
\BOOKMARK [2][-]{subsection.1.43}{\376\377\000D\000e\000f\000i\000n\000i\000t\000i\000o\000n\000\040\000\050\000E\000n\000d\000l\000i\000c\000h\000e\000\040\000A\000u\000t\000o\000m\000a\000t\000e\000n\000\051}{section.1}% 63
\BOOKMARK [2][-]{subsection.1.44}{\376\377\000D\000e\000f\000i\000n\000i\000t\000i\000o\000n\000\040\000\050\000\334\000b\000e\000r\000g\000a\000n\000g\000s\000f\000u\000n\000k\000t\000i\000o\000n\000\040\000e\000i\000n\000e\000s\000\040\000E\000A\000\051}{section.1}% 64
\BOOKMARK [2][-]{subsection.1.45}{\376\377\000B\000e\000m\000e\000r\000k\000u\000n\000g\000\040}{section.1}% 65
\BOOKMARK [2][-]{subsection.1.46}{\376\377\000D\000e\000f\000i\000n\000i\000t\000i\000o\000n\000\040\000\050\000\334\000b\000e\000r\000g\000a\000n\000g\000s\000f\000u\000n\000k\000t\000i\000o\000n\000\040\000e\000i\000n\000e\000s\000\040\000D\000E\000A\000\051}{section.1}% 66
\BOOKMARK [2][-]{subsection.1.47}{\376\377\000B\000e\000m\000e\000r\000k\000u\000n\000g\000\040}{section.1}% 67
\BOOKMARK [2][-]{subsection.1.48}{\376\377\000B\000e\000m\000e\000r\000k\000u\000n\000g}{section.1}% 68
\BOOKMARK [2][-]{subsection.1.49}{\376\377\000D\000e\000f\000i\000n\000i\000t\000i\000o\000n\000\040\000\050\000a\000k\000z\000e\000p\000t\000i\000e\000r\000t\000e\000\040\000S\000p\000r\000a\000c\000h\000e\000\051}{section.1}% 69
\BOOKMARK [2][-]{subsection.1.50}{\376\377\000D\000e\000f\000i\000n\000i\000t\000i\000o\000n\000\040\000\050\000r\000e\000g\000u\000l\000\344\000r\000\051}{section.1}% 70
\BOOKMARK [2][-]{subsection.1.51}{\376\377\000B\000e\000i\000s\000p\000i\000e\000l}{section.1}% 71
\BOOKMARK [2][-]{subsection.1.52}{\376\377\000D\000e\000f\000i\000n\000i\000t\000i\000o\000n\000\040\000\050\000P\000o\000t\000e\000n\000z\000a\000u\000t\000o\000m\000a\000t\000e\000n\000\051}{section.1}% 72
\BOOKMARK [2][-]{subsection.1.53}{\376\377\000S\000a\000t\000z}{section.1}% 73
\BOOKMARK [2][-]{subsection.1.54}{\376\377\000D\000e\000f\000i\000n\000i\000t\000i\000o\000n\000\040\000\050\000\304\000q\000u\000i\000v\000a\000l\000e\000n\000z\000r\000e\000l\000a\000t\000i\000o\000n\000\051}{section.1}% 74
\BOOKMARK [2][-]{subsection.1.55}{\376\377\000D\000e\000f\000i\000n\000i\000t\000i\000o\000n\000\040\000\050\000A\000-\000\304\000q\000u\000i\000v\000a\000l\000e\000n\000z\000\051}{section.1}% 75
\BOOKMARK [2][-]{subsection.1.56}{\376\377\000B\000e\000m\000e\000r\000k\000u\000n\000g}{section.1}% 76
\BOOKMARK [2][-]{subsection.1.57}{\376\377\000D\000e\000f\000i\000n\000i\000t\000i\000o\000n\000\040\000\050\000R\000e\000c\000h\000t\000s\000k\000o\000n\000g\000r\000u\000e\000n\000z\000\051}{section.1}% 77
\BOOKMARK [2][-]{subsection.1.58}{\376\377\000P\000r\000o\000p\000o\000s\000i\000t\000i\000o\000n}{section.1}% 78
\BOOKMARK [2][-]{subsection.1.59}{\376\377\000D\000e\000f\000i\000n\000i\000t\000i\000o\000n}{section.1}% 79
\BOOKMARK [2][-]{subsection.1.60}{\376\377\000L\000e\000m\000m\000a}{section.1}% 80
\BOOKMARK [2][-]{subsection.1.61}{\376\377\000S\000a\000t\000z}{section.1}% 81
\BOOKMARK [2][-]{subsection.1.62}{\376\377\000K\000o\000r\000o\000l\000l\000a\000r}{section.1}% 82
\BOOKMARK [2][-]{subsection.1.63}{\376\377\000D\000e\000f\000i\000n\000i\000t\000i\000o\000n\000\050\000e\000r\000r\000e\000i\000c\000h\000b\000a\000r\000\051}{section.1}% 83
\BOOKMARK [2][-]{subsection.1.64}{\376\377\000D\000e\000f\000i\000n\000i\000t\000i\000o\000n\000\050\000i\000s\000o\000m\000o\000r\000p\000h\000\051}{section.1}% 84
\BOOKMARK [2][-]{subsection.1.65}{\376\377\000S\000a\000t\000z}{section.1}% 85
\BOOKMARK [2][-]{subsection.1.66}{\376\377\000D\000e\000f\000i\000n\000i\000t\000i\000o\000n\000\040\000\050\000L\000-\000\304\000q\000u\000i\000v\000a\000l\000e\000n\000z\000\051}{section.1}% 86
\BOOKMARK [2][-]{subsection.1.67}{\376\377\000B\000e\000m\000e\000r\000k\000u\000n\000g}{section.1}% 87
\BOOKMARK [2][-]{subsection.1.68}{\376\377\000D\000e\000f\000i\000n\000i\000t\000i\000o\000n\000\040\000\050\000P\000a\000r\000i\000t\000i\000o\000n\000\051}{section.1}% 88
\BOOKMARK [2][-]{subsection.1.69}{\376\377\000D\000e\000f\000i\000n\000i\000t\000i\000o\000n\000\040\000\050\000V\000e\000r\000e\000f\000e\000i\000n\000e\000r\000u\000n\000g\000\051}{section.1}% 89
\BOOKMARK [2][-]{subsection.1.70}{\376\377\000B\000e\000m\000e\000r\000k\000u\000n\000g}{section.1}% 90
\BOOKMARK [2][-]{subsection.1.71}{\376\377\000P\000r\000o\000p\000o\000s\000i\000t\000i\000o\000n}{section.1}% 91
\BOOKMARK [2][-]{subsection.1.72}{\376\377\000D\000e\000f\000i\000n\000i\000t\000i\000o\000n\000\040\000\050\000M\000i\000n\000i\000m\000a\000l\000a\000u\000t\000o\000m\000a\000t\000\051}{section.1}% 92
\BOOKMARK [2][-]{subsection.1.73}{\376\377\000S\000a\000t\000z}{section.1}% 93
\BOOKMARK [2][-]{subsection.1.74}{\376\377\000S\000a\000t\000z\000\040\000\050\000S\000a\000t\000z\000\040\000v\000o\000n\000\040\000M\000y\000h\000i\000l\000l\000\040\000u\000n\000d\000\040\000N\000e\000r\000o\000d\000e\000\051}{section.1}% 94
\BOOKMARK [2][-]{subsection.1.75}{\376\377\000S\000a\000t\000z\000\040\000\050\000P\000u\000m\000p\000i\000n\000g\000-\000L\000e\000m\000m\000a\000\051}{section.1}% 95
\BOOKMARK [2][-]{subsection.1.76}{\376\377\000B\000e\000i\000s\000p\000i\000e\000l}{section.1}% 96
\BOOKMARK [1][-]{section.2}{\376\377\000B\000i\000l\000d\000e\000r}{}% 97
