\BOOKMARK [1][-]{section.1}{\376\377\000T\000u\000r\000i\000n\000g\000m\000a\000c\000h\000i\000n\000e}{}% 1
\BOOKMARK [2][-]{subsection.1.1}{\376\377\000D\000e\000f\000i\000n\000i\000t\000i\000o\000n\000\040\000\050\000T\000u\000r\000i\000n\000g\000m\000a\000c\000h\000i\000n\000e\000,\000\040\000A\000l\000a\000n\000\040\000T\000u\000i\000n\000g\000,\000\040\0001\0009\0003\0006\000\051}{section.1}% 2
\BOOKMARK [2][-]{subsection.1.2}{\376\377\000D\000e\000f\000i\000n\000i\000t\000i\000o\000n\000\040\000\050\000K\000o\000n\000f\000i\000g\000u\000r\000a\000t\000i\000o\000n\000\051}{section.1}% 3
\BOOKMARK [2][-]{subsection.1.3}{\376\377\000D\000e\000f\000i\000n\000i\000t\000i\000o\000n\000\040\000\050\000N\000a\000c\000h\000f\000o\000l\000g\000e\000k\000o\000n\000f\000i\000g\000u\000r\000a\000t\000i\000o\000n\000\051}{section.1}% 4
\BOOKMARK [2][-]{subsection.1.4}{\376\377\000D\000e\000f\000i\000n\000i\000t\000i\000o\000n\000\040\000\050\000R\000e\000c\000h\000n\000u\000n\000g\000\051}{section.1}% 5
\BOOKMARK [2][-]{subsection.1.5}{\376\377\000B\000e\000m\000e\000r\000k\000u\000n\000g}{section.1}% 6
\BOOKMARK [2][-]{subsection.1.6}{\376\377\000D\000e\000f\000i\000n\000i\000t\000i\000o\000n\000\040\000\050\000t\000o\000t\000a\000l\000\051}{section.1}% 7
\BOOKMARK [2][-]{subsection.1.7}{\376\377\000D\000e\000f\000i\000n\000i\000t\000i\000o\000n\000\040\000\050\000a\000k\000z\000e\000p\000t\000i\000e\000r\000t\000e\000\040\000S\000p\000r\000a\000c\000h\000e\000\051}{section.1}% 8
\BOOKMARK [2][-]{subsection.1.8}{\376\377\000D\000e\000f\000i\000n\000i\000t\000i\000o\000n\000\050\000e\000n\000t\000s\000c\000h\000e\000i\000d\000b\000a\000r\000\051}{section.1}% 9
\BOOKMARK [2][-]{subsection.1.9}{\376\377\000D\000e\000f\000i\000n\000i\000t\000i\000o\000n\000\050\000r\000e\000k\000u\000r\000s\000i\000v\000\040\000a\000u\000f\000z\000\344\000h\000l\000b\000a\000r\000\051}{section.1}% 10
\BOOKMARK [2][-]{subsection.1.10}{\376\377\000B\000e\000m\000e\000r\000k\000u\000n\000g}{section.1}% 11
\BOOKMARK [2][-]{subsection.1.11}{\376\377\000B\000e\000m\000e\000r\000k\000u\000n\000g}{section.1}% 12
\BOOKMARK [2][-]{subsection.1.12}{\376\377\000B\000e\000m\000e\000r\000k\000u\000n\000g}{section.1}% 13
\BOOKMARK [2][-]{subsection.1.13}{\376\377\000D\000e\000f\000i\000n\000i\000t\000i\000o\000n\000\040\000\050\000A\000u\000s\000g\000a\000b\000e\000\051}{section.1}% 14
\BOOKMARK [2][-]{subsection.1.14}{\376\377\000D\000e\000f\000i\000n\000i\000t\000i\000o\000n\000\040\000\050\000b\000e\000r\000e\000c\000h\000n\000e\000t\000e\000\040\000F\000u\000n\000k\000t\000i\000o\000n\000\051}{section.1}% 15
\BOOKMARK [2][-]{subsection.1.15}{\376\377\000D\000e\000f\000i\000n\000i\000t\000i\000o\000n\000\040\000\050\000p\000a\000r\000t\000i\000e\000l\000l\000\040\000b\000e\000r\000e\000c\000h\000e\000n\000b\000a\000r\000\051}{section.1}% 16
\BOOKMARK [2][-]{subsection.1.16}{\376\377\000D\000e\000f\000i\000n\000i\000t\000i\000o\000n\000\040\000\050\000c\000h\000a\000r\000a\000c\000k\000t\000e\000r\000i\000s\000t\000i\000s\000c\000h\000e\000\040\000F\000u\000n\000k\000t\000i\000o\000n\000,\000\040\000p\000a\000r\000t\000i\000e\000l\000l\000e\000\040\000c\000h\000a\000r\000a\000c\000h\000t\000e\000r\000i\000s\000t\000i\000s\000c\000h\000e\000\040\000F\000u\000n\000k\000t\000i\000o\000n\000\051}{section.1}% 17
\BOOKMARK [2][-]{subsection.1.17}{\376\377\000B\000e\000m\000e\000r\000k\000u\000n\000g}{section.1}% 18
\BOOKMARK [2][-]{subsection.1.18}{\376\377\000B\000e\000m\000e\000r\000k\000u\000n\000g\000\040\000\050\000n\000o\000r\000m\000i\000e\000r\000t\000\051}{section.1}% 19
\BOOKMARK [2][-]{subsection.1.19}{\376\377\000B\000e\000m\000e\000r\000k\000u\000n\000g}{section.1}% 20
\BOOKMARK [2][-]{subsection.1.20}{\376\377\000C\000h\000u\000r\000c\000h\000-\000\040\000T\000u\000r\000i\000n\000g\000-\000\040\000T\000h\000e\000s\000e}{section.1}% 21
